[0.648s] Invoking command in '/home/ros2/Ros2Projects/ros2_term_project': PYTHONPATH=/home/ros2/Ros2Projects/install/ros2_term_project/lib/python3.8/site-packages:${PYTHONPATH} /usr/bin/python3 setup.py egg_info --egg-base ../build/ros2_term_project build --build-base /home/ros2/Ros2Projects/build/ros2_term_project/build install --prefix /home/ros2/Ros2Projects/install/ros2_term_project --record /home/ros2/Ros2Projects/build/ros2_term_project/install.log --single-version-externally-managed
[0.839s] running egg_info
[0.840s] creating ../build/ros2_term_project/ros2_term_project.egg-info
[0.840s] writing ../build/ros2_term_project/ros2_term_project.egg-info/PKG-INFO
[0.840s] writing dependency_links to ../build/ros2_term_project/ros2_term_project.egg-info/dependency_links.txt
[0.841s] writing entry points to ../build/ros2_term_project/ros2_term_project.egg-info/entry_points.txt
[0.841s] writing requirements to ../build/ros2_term_project/ros2_term_project.egg-info/requires.txt
[0.841s] writing top-level names to ../build/ros2_term_project/ros2_term_project.egg-info/top_level.txt
[0.844s] writing manifest file '../build/ros2_term_project/ros2_term_project.egg-info/SOURCES.txt'
[0.880s] reading manifest file '../build/ros2_term_project/ros2_term_project.egg-info/SOURCES.txt'
[0.881s] writing manifest file '../build/ros2_term_project/ros2_term_project.egg-info/SOURCES.txt'
[0.881s] running build
[0.881s] running build_py
[0.882s] creating /home/ros2/Ros2Projects/build/ros2_term_project/build
[0.882s] creating /home/ros2/Ros2Projects/build/ros2_term_project/build/lib
[0.882s] creating /home/ros2/Ros2Projects/build/ros2_term_project/build/lib/ros2_term_project
[0.882s] copying ros2_term_project/__init__.py -> /home/ros2/Ros2Projects/build/ros2_term_project/build/lib/ros2_term_project
[0.882s] running install
[0.883s] running install_lib
[0.883s] creating /home/ros2/Ros2Projects/install/ros2_term_project/lib/python3.8/site-packages/ros2_term_project
[0.884s] copying /home/ros2/Ros2Projects/build/ros2_term_project/build/lib/ros2_term_project/__init__.py -> /home/ros2/Ros2Projects/install/ros2_term_project/lib/python3.8/site-packages/ros2_term_project
[0.884s] byte-compiling /home/ros2/Ros2Projects/install/ros2_term_project/lib/python3.8/site-packages/ros2_term_project/__init__.py to __init__.cpython-38.pyc
[0.885s] running install_data
[0.885s] creating /home/ros2/Ros2Projects/install/ros2_term_project/share/ament_index
[0.886s] creating /home/ros2/Ros2Projects/install/ros2_term_project/share/ament_index/resource_index
[0.886s] creating /home/ros2/Ros2Projects/install/ros2_term_project/share/ament_index/resource_index/packages
[0.886s] copying resource/ros2_term_project -> /home/ros2/Ros2Projects/install/ros2_term_project/share/ament_index/resource_index/packages
[0.886s] copying package.xml -> /home/ros2/Ros2Projects/install/ros2_term_project/share/ros2_term_project
[0.886s] creating /home/ros2/Ros2Projects/install/ros2_term_project/share/ros2_term_project/launch
[0.886s] copying launch/car_sim.launch.py -> /home/ros2/Ros2Projects/install/ros2_term_project/share/ros2_term_project/launch
[0.887s] creating /home/ros2/Ros2Projects/install/ros2_term_project/share/ros2_term_project/worlds
[0.887s] copying worlds/car_track.world.2 -> /home/ros2/Ros2Projects/install/ros2_term_project/share/ros2_term_project/worlds
[0.887s] copying worlds/car_track.world.0 -> /home/ros2/Ros2Projects/install/ros2_term_project/share/ros2_term_project/worlds
[0.887s] copying worlds/car_track.world -> /home/ros2/Ros2Projects/install/ros2_term_project/share/ros2_term_project/worlds
[0.887s] copying worlds/ros2_car_track.png -> /home/ros2/Ros2Projects/install/ros2_term_project/share/ros2_term_project/worlds
[0.888s] copying worlds/course.material -> /home/ros2/Ros2Projects/install/ros2_term_project/share/ros2_term_project/worlds
[0.888s] copying worlds/ros2_car_track_thick_lines.png -> /home/ros2/Ros2Projects/install/ros2_term_project/share/ros2_term_project/worlds
[0.888s] copying worlds/car_track.world.1 -> /home/ros2/Ros2Projects/install/ros2_term_project/share/ros2_term_project/worlds
[0.888s] running install_egg_info
[0.889s] Copying ../build/ros2_term_project/ros2_term_project.egg-info to /home/ros2/Ros2Projects/install/ros2_term_project/lib/python3.8/site-packages/ros2_term_project-0.0.0-py3.8.egg-info
[0.890s] running install_scripts
[0.905s] writing list of installed files to '/home/ros2/Ros2Projects/build/ros2_term_project/install.log'
[0.921s] Invoked command in '/home/ros2/Ros2Projects/ros2_term_project' returned '0': PYTHONPATH=/home/ros2/Ros2Projects/install/ros2_term_project/lib/python3.8/site-packages:${PYTHONPATH} /usr/bin/python3 setup.py egg_info --egg-base ../build/ros2_term_project build --build-base /home/ros2/Ros2Projects/build/ros2_term_project/build install --prefix /home/ros2/Ros2Projects/install/ros2_term_project --record /home/ros2/Ros2Projects/build/ros2_term_project/install.log --single-version-externally-managed
